<?xml version="1.0" encoding="UTF-8"?>
<coverage generated="1774723832895" clover="3.2.0">
  <project timestamp="1774723832895" name="All files">
    <metrics statements="42" coveredstatements="42" conditionals="18" coveredconditionals="18" methods="5" coveredmethods="5" elements="65" coveredelements="65" complexity="0" loc="42" ncloc="42" packages="1" files="1" classes="1"/>
    <file name="version-tree.ts" path="/Users/yifanshi/Projects/YHack2026/frontend/src/lib/version-tree.ts">
      <metrics statements="42" coveredstatements="42" conditionals="18" coveredconditionals="18" methods="5" coveredmethods="5"/>
      <line num="24" count="1" type="stmt"/>
      <line num="26" count="28" type="stmt"/>
      <line num="29" count="13" type="stmt"/>
      <line num="33" count="13" type="stmt"/>
      <line num="36" count="13" type="stmt"/>
      <line num="37" count="28" type="stmt"/>
      <line num="38" count="28" type="stmt"/>
      <line num="42" count="13" type="stmt"/>
      <line num="44" count="13" type="stmt"/>
      <line num="45" count="28" type="stmt"/>
      <line num="46" count="28" type="cond" truecount="2" falsecount="0"/>
      <line num="48" count="28" type="cond" truecount="2" falsecount="0"/>
      <line num="49" count="13" type="stmt"/>
      <line num="51" count="15" type="stmt"/>
      <line num="53" count="15" type="stmt"/>
      <line num="57" count="13" type="stmt"/>
      <line num="72" count="1" type="stmt"/>
      <line num="76" count="29" type="stmt"/>
      <line num="78" count="10" type="stmt"/>
      <line num="79" count="10" type="cond" truecount="2" falsecount="0"/>
      <line num="81" count="8" type="stmt"/>
      <line num="82" count="8" type="stmt"/>
      <line num="84" count="8" type="cond" truecount="2" falsecount="0"/>
      <line num="85" count="10" type="stmt"/>
      <line num="86" count="10" type="stmt"/>
      <line num="87" count="10" type="stmt"/>
      <line num="90" count="8" type="stmt"/>
      <line num="106" count="1" type="stmt"/>
      <line num="111" count="12" type="stmt"/>
      <line num="112" count="12" type="stmt"/>
      <line num="113" count="37" type="cond" truecount="2" falsecount="0"/>
      <line num="114" count="26" type="cond" truecount="4" falsecount="0"/>
      <line num="115" count="26" type="stmt"/>
      <line num="119" count="12" type="stmt"/>
      <line num="120" count="12" type="stmt"/>
      <line num="122" count="12" type="stmt"/>
      <line num="123" count="27" type="stmt"/>
      <line num="124" count="27" type="cond" truecount="4" falsecount="0"/>
      <line num="125" count="27" type="stmt"/>
      <line num="126" count="15" type="stmt"/>
      <line num="127" count="15" type="stmt"/>
      <line num="131" count="12" type="stmt"/>
    </file>
  </project>
</coverage>
