{"/Users/yifanshi/Projects/YHack2026/frontend/src/lib/version-tree.ts": {"path":"/Users/yifanshi/Projects/YHack2026/frontend/src/lib/version-tree.ts","statementMap":{"0":{"start":{"line":24,"column":0},"end":{"line":24,"column":16}},"1":{"start":{"line":72,"column":0},"end":{"line":72,"column":16}},"2":{"start":{"line":106,"column":0},"end":{"line":106,"column":16}},"3":{"start":{"line":26,"column":15},"end":{"line":26,"column":71}},"4":{"start":{"line":26,"column":60},"end":{"line":26,"column":69}},"5":{"start":{"line":29,"column":19},"end":{"line":29,"column":48}},"6":{"start":{"line":33,"column":18},"end":{"line":33,"column":45}},"7":{"start":{"line":36,"column":2},"end":{"line":39,"column":3}},"8":{"start":{"line":37,"column":27},"end":{"line":37,"column":71}},"9":{"start":{"line":38,"column":4},"end":{"line":38,"column":28}},"10":{"start":{"line":42,"column":28},"end":{"line":42,"column":30}},"11":{"start":{"line":44,"column":2},"end":{"line":55,"column":3}},"12":{"start":{"line":45,"column":17},"end":{"line":45,"column":35}},"13":{"start":{"line":46,"column":25},"end":{"line":46,"column":68}},"14":{"start":{"line":48,"column":4},"end":{"line":54,"column":5}},"15":{"start":{"line":49,"column":6},"end":{"line":49,"column":23}},"16":{"start":{"line":51,"column":25},"end":{"line":51,"column":50}},"17":{"start":{"line":53,"column":7},"end":{"line":53,"column":53}},"18":{"start":{"line":57,"column":2},"end":{"line":57,"column":15}},"19":{"start":{"line":76,"column":15},"end":{"line":76,"column":71}},"20":{"start":{"line":76,"column":60},"end":{"line":76,"column":69}},"21":{"start":{"line":78,"column":17},"end":{"line":78,"column":36}},"22":{"start":{"line":79,"column":2},"end":{"line":79,"column":25}},"23":{"start":{"line":79,"column":15},"end":{"line":79,"column":25}},"24":{"start":{"line":81,"column":27},"end":{"line":81,"column":29}},"25":{"start":{"line":82,"column":24},"end":{"line":82,"column":39}},"26":{"start":{"line":84,"column":2},"end":{"line":88,"column":3}},"27":{"start":{"line":85,"column":19},"end":{"line":85,"column":45}},"28":{"start":{"line":86,"column":4},"end":{"line":86,"column":26}},"29":{"start":{"line":87,"column":4},"end":{"line":87,"column":38}},"30":{"start":{"line":90,"column":2},"end":{"line":90,"column":15}},"31":{"start":{"line":111,"column":21},"end":{"line":111,"column":49}},"32":{"start":{"line":112,"column":2},"end":{"line":117,"column":3}},"33":{"start":{"line":113,"column":4},"end":{"line":116,"column":5}},"34":{"start":{"line":114,"column":23},"end":{"line":114,"column":55}},"35":{"start":{"line":115,"column":6},"end":{"line":115,"column":51}},"36":{"start":{"line":119,"column":28},"end":{"line":119,"column":30}},"37":{"start":{"line":120,"column":26},"end":{"line":120,"column":37}},"38":{"start":{"line":122,"column":2},"end":{"line":129,"column":3}},"39":{"start":{"line":123,"column":20},"end":{"line":123,"column":34}},"40":{"start":{"line":124,"column":21},"end":{"line":124,"column":50}},"41":{"start":{"line":125,"column":4},"end":{"line":128,"column":5}},"42":{"start":{"line":126,"column":6},"end":{"line":126,"column":25}},"43":{"start":{"line":127,"column":6},"end":{"line":127,"column":27}},"44":{"start":{"line":131,"column":2},"end":{"line":131,"column":16}}},"fnMap":{"0":{"name":"buildTree","decl":{"start":{"line":24,"column":16},"end":{"line":24,"column":25}},"loc":{"start":{"line":24,"column":54},"end":{"line":58,"column":1}}},"1":{"name":"(anonymous_1)","decl":{"start":{"line":26,"column":53},"end":{"line":26,"column":54}},"loc":{"start":{"line":26,"column":60},"end":{"line":26,"column":69}}},"2":{"name":"getAncestors","decl":{"start":{"line":72,"column":16},"end":{"line":72,"column":28}},"loc":{"start":{"line":74,"column":19},"end":{"line":91,"column":1}}},"3":{"name":"(anonymous_3)","decl":{"start":{"line":76,"column":53},"end":{"line":76,"column":54}},"loc":{"start":{"line":76,"column":60},"end":{"line":76,"column":69}}},"4":{"name":"getDescendants","decl":{"start":{"line":106,"column":16},"end":{"line":106,"column":30}},"loc":{"start":{"line":108,"column":19},"end":{"line":132,"column":1}}}},"branchMap":{"0":{"loc":{"start":{"line":46,"column":25},"end":{"line":46,"column":68}},"type":"binary-expr","locations":[{"start":{"line":46,"column":25},"end":{"line":46,"column":44}},{"start":{"line":46,"column":48},"end":{"line":46,"column":68}}]},"1":{"loc":{"start":{"line":48,"column":4},"end":{"line":54,"column":5}},"type":"if","locations":[{"start":{"line":48,"column":4},"end":{"line":54,"column":5}},{"start":{"line":50,"column":11},"end":{"line":54,"column":5}}]},"2":{"loc":{"start":{"line":79,"column":2},"end":{"line":79,"column":25}},"type":"if","locations":[{"start":{"line":79,"column":2},"end":{"line":79,"column":25}},{"start":{},"end":{}}]},"3":{"loc":{"start":{"line":84,"column":9},"end":{"line":84,"column":62}},"type":"binary-expr","locations":[{"start":{"line":84,"column":9},"end":{"line":84,"column":33}},{"start":{"line":84,"column":37},"end":{"line":84,"column":62}}]},"4":{"loc":{"start":{"line":113,"column":4},"end":{"line":116,"column":5}},"type":"if","locations":[{"start":{"line":113,"column":4},"end":{"line":116,"column":5}},{"start":{},"end":{}}]},"5":{"loc":{"start":{"line":114,"column":23},"end":{"line":114,"column":55}},"type":"cond-expr","locations":[{"start":{"line":114,"column":49},"end":{"line":114,"column":53}},{"start":{"line":114,"column":53},"end":{"line":114,"column":55}}]},"6":{"loc":{"start":{"line":114,"column":23},"end":{"line":114,"column":53}},"type":"binary-expr","locations":[{"start":{"line":114,"column":23},"end":{"line":114,"column":53}},{"start":{"line":114,"column":49},"end":{"line":114,"column":53}}]},"7":{"loc":{"start":{"line":124,"column":21},"end":{"line":124,"column":50}},"type":"cond-expr","locations":[{"start":{"line":124,"column":44},"end":{"line":124,"column":48}},{"start":{"line":124,"column":48},"end":{"line":124,"column":50}}]},"8":{"loc":{"start":{"line":124,"column":21},"end":{"line":124,"column":48}},"type":"binary-expr","locations":[{"start":{"line":124,"column":21},"end":{"line":124,"column":48}},{"start":{"line":124,"column":44},"end":{"line":124,"column":48}}]}},"s":{"0":1,"1":1,"2":1,"3":13,"4":28,"5":13,"6":13,"7":13,"8":28,"9":28,"10":13,"11":13,"12":28,"13":28,"14":28,"15":13,"16":15,"17":15,"18":13,"19":10,"20":29,"21":10,"22":10,"23":2,"24":8,"25":8,"26":8,"27":10,"28":10,"29":10,"30":8,"31":12,"32":12,"33":37,"34":26,"35":26,"36":12,"37":12,"38":12,"39":27,"40":27,"41":27,"42":15,"43":15,"44":12},"f":{"0":13,"1":28,"2":10,"3":29,"4":12},"b":{"0":[28,16],"1":[13,15],"2":[2,8],"3":[18,10],"4":[26,11],"5":[6,20],"6":[26,26],"7":[12,15],"8":[27,27]}}
}
