TN:
SF:src/lib/version-tree.ts
FN:24,buildTree
FN:26,(anonymous_1)
FN:72,getAncestors
FN:76,(anonymous_3)
FN:106,getDescendants
FNF:5
FNH:5
FNDA:13,buildTree
FNDA:28,(anonymous_1)
FNDA:10,getAncestors
FNDA:29,(anonymous_3)
FNDA:12,getDescendants
DA:24,1
DA:26,28
DA:29,13
DA:33,13
DA:36,13
DA:37,28
DA:38,28
DA:42,13
DA:44,13
DA:45,28
DA:46,28
DA:48,28
DA:49,13
DA:51,15
DA:53,15
DA:57,13
DA:72,1
DA:76,29
DA:78,10
DA:79,10
DA:81,8
DA:82,8
DA:84,8
DA:85,10
DA:86,10
DA:87,10
DA:90,8
DA:106,1
DA:111,12
DA:112,12
DA:113,37
DA:114,26
DA:115,26
DA:119,12
DA:120,12
DA:122,12
DA:123,27
DA:124,27
DA:125,27
DA:126,15
DA:127,15
DA:131,12
LF:42
LH:42
BRDA:46,0,0,28
BRDA:46,0,1,16
BRDA:48,1,0,13
BRDA:48,1,1,15
BRDA:79,2,0,2
BRDA:79,2,1,8
BRDA:84,3,0,18
BRDA:84,3,1,10
BRDA:113,4,0,26
BRDA:113,4,1,11
BRDA:114,5,0,6
BRDA:114,5,1,20
BRDA:114,6,0,26
BRDA:114,6,1,26
BRDA:124,7,0,12
BRDA:124,7,1,15
BRDA:124,8,0,27
BRDA:124,8,1,27
BRF:18
BRH:18
end_of_record
